<?xml version="1.0" encoding="UTF-8"?>
<testng-results ignored="0" total="1" passed="1" failed="0" skipped="0">
  <reporter-output>
  </reporter-output>
  <suite started-at="2025-11-24T16:31:00 IST" name="Default suite" finished-at="2025-11-24T16:31:00 IST" duration-ms="149">
    <groups>
    </groups>
    <test started-at="2025-11-24T16:31:00 IST" name="Default test" finished-at="2025-11-24T16:31:00 IST" duration-ms="149">
      <class name="Parctice.GitPractice">
        <test-method signature="m1()[pri:0, instance:Parctice.GitPractice@145f66e3]" started-at="2025-11-24T16:31:00 IST" name="m1" finished-at="2025-11-24T16:31:00 IST" duration-ms="25" status="PASS">
          <reporter-output>
          </reporter-output>
        </test-method> <!-- m1 -->
      </class> <!-- Parctice.GitPractice -->
    </test> <!-- Default test -->
  </suite> <!-- Default suite -->
</testng-results>
